<?xml version="1.0" encoding="UTF-8"?>
<!-- Generated by org.testng.reporters.JUnitReportReporter -->
<testsuite hostname="D_L_AR-AEEV03J" failures="0" tests="1" name="Academy.HomePageTest" time="19.288" errors="0" timestamp="2020-01-30T16:24:43 SGT" skipped="0">
  <testcase classname="Academy.HomePageTest" name="loginPageNavigation" time="19.288"/>
  <system-out/>
</testsuite> <!-- Academy.HomePageTest -->
